Using pre-set license
Built from '2020.2/release' branch; Version is '2020.2.2f1 (068178b99f32) revision 426360'; Using compiler version '192528614'; Build Type 'Release'
OS: 'Windows 10 Home; OS build 19041.928; Version 2004; 64bit' Language: 'en' Physical Memory: 16335 MB
BatchMode: 1, IsHumanControllingUs: 0, StartBugReporterOnCrash: 0, Is64bit: 1, IsPro: 0

 COMMAND LINE ARGUMENTS:
C:\Program Files\Unity\Hub\Editor\2020.2.2f1\Editor\Unity.exe
-adb2
-batchMode
-noUpm
-name
AssetImportWorker0
-projectPath
C:/Users/doanc/OneDrive/Documents/GitHub/sp2021scaffold
-logFile
Logs/AssetImportWorker0.log
-srvPort
55801
Successfully changed project path to: C:/Users/doanc/OneDrive/Documents/GitHub/sp2021scaffold
C:/Users/doanc/OneDrive/Documents/GitHub/sp2021scaffold
Using Asset Import Pipeline V2.
Refreshing native plugins compatible for Editor in 41.23 ms, found 1 plugins.
Preloading 0 native plugins for Editor in 0.00 ms.
Initialize engine version: 2020.2.2f1 (068178b99f32)
[Subsystems] Discovering subsystems at path C:/Program Files/Unity/Hub/Editor/2020.2.2f1/Editor/Data/Resources/UnitySubsystems
[Subsystems] Discovering subsystems at path C:/Users/doanc/OneDrive/Documents/GitHub/sp2021scaffold/Assets
GfxDevice: creating device client; threaded=0
Direct3D:
    Version:  Direct3D 11.0 [level 11.1]
    Renderer: NVIDIA GeForce GTX 1050 Ti (ID=0x1c82)
    Vendor:   
    VRAM:     4018 MB
    Driver:   27.21.14.6192
Initialize mono
Mono path[0] = 'C:/Program Files/Unity/Hub/Editor/2020.2.2f1/Editor/Data/Managed'
Mono path[1] = 'C:/Program Files/Unity/Hub/Editor/2020.2.2f1/Editor/Data/MonoBleedingEdge/lib/mono/unityjit'
Mono config path = 'C:/Program Files/Unity/Hub/Editor/2020.2.2f1/Editor/Data/MonoBleedingEdge/etc'
Using monoOptions --debugger-agent=transport=dt_socket,embedding=1,server=y,suspend=n,address=127.0.0.1:56820
Begin MonoManager ReloadAssembly
Registering precompiled unity dll's ...
Register platform support module: C:/Program Files/Unity/Hub/Editor/2020.2.2f1/Editor/Data/PlaybackEngines/WindowsStandaloneSupport/UnityEditor.WindowsStandalone.Extensions.dll
Registered in 0.003088 seconds.
Native extension for WindowsStandalone target not found
Refreshing native plugins compatible for Editor in 40.36 ms, found 1 plugins.
Preloading 0 native plugins for Editor in 0.00 ms.
Invoked RoslynAnalysisRunner static constructor.
RoslynAnalysisRunner will not be running.
RoslynAnalysisRunner has terminated.
Mono: successfully reloaded assembly
- Completed reload, in  1.459 seconds
Platform modules already initialized, skipping
Registering precompiled user dll's ...
Registered in 0.001668 seconds.
Begin MonoManager ReloadAssembly
Native extension for WindowsStandalone target not found
Refreshing native plugins compatible for Editor in 40.47 ms, found 1 plugins.
Preloading 0 native plugins for Editor in 0.00 ms.
Invoked RoslynAnalysisRunner static constructor.
RoslynAnalysisRunner will not be running.
RoslynAnalysisRunner has terminated.
Mono: successfully reloaded assembly
- Completed reload, in  1.075 seconds
Platform modules already initialized, skipping
========================================================================
Worker process is ready to serve import requests
Launched and connected shader compiler UnityShaderCompiler.exe after 0.06 seconds
Refreshing native plugins compatible for Editor in 0.48 ms, found 1 plugins.
Preloading 0 native plugins for Editor in 0.00 ms.
Unloading 1800 Unused Serialized files (Serialized files now loaded: 0)
System memory in use before: 84.5 MB.
System memory in use after: 84.4 MB.

Unloading 24 unused Assets to reduce memory usage. Loaded Objects now: 2242.
Total: 2.377300 ms (FindLiveObjects: 0.224600 ms CreateObjectMapping: 0.046800 ms MarkObjects: 1.957400 ms  DeleteObjects: 0.147600 ms)

========================================================================
Received Import Request.
  path: Assets/2D SpritePack/2DPlatformerPack
  artifactKey: Guid(ad8ecfdfafeb772489a08b77c257cc3e) Importer(815301076,1909f56bfc062723c751e8b465ee728b)
Start importing Assets/2D SpritePack/2DPlatformerPack using Guid(ad8ecfdfafeb772489a08b77c257cc3e) Importer(815301076,1909f56bfc062723c751e8b465ee728b)  -> (artifact id: '005981a95bb8ca1f5f16794d16d1cfe3') in 0.006779 seconds
  Import took 0.009605 seconds .

========================================================================
Received Prepare
Refreshing native plugins compatible for Editor in 3.56 ms, found 1 plugins.
Preloading 0 native plugins for Editor in 0.00 ms.
Unloading 10 Unused Serialized files (Serialized files now loaded: 0)
System memory in use before: 49.0 MB.
System memory in use after: 49.0 MB.

Unloading 10 unused Assets to reduce memory usage. Loaded Objects now: 2242.
Total: 2.625400 ms (FindLiveObjects: 0.235400 ms CreateObjectMapping: 0.046000 ms MarkObjects: 2.216000 ms  DeleteObjects: 0.126800 ms)

========================================================================
Received Import Request.
  Time since last request: 16.610975 seconds.
  path: Assets/2D SpritePack/2DPlatformerPack/Grass.asset
  artifactKey: Guid(478a3f0336f4f1444b2e083977619fe5) Importer(815301076,1909f56bfc062723c751e8b465ee728b)
Start importing Assets/2D SpritePack/2DPlatformerPack/Grass.asset using Guid(478a3f0336f4f1444b2e083977619fe5) Importer(815301076,1909f56bfc062723c751e8b465ee728b)  -> (artifact id: 'badc23af4a12d583d3fb9101d70e59ce') in 0.125493 seconds
  Import took 0.128649 seconds .

========================================================================
Received Import Request.
  Time since last request: 199.331566 seconds.
  path: Assets/2D SpritePack/Demo
  artifactKey: Guid(6cdbec270dfb1e149bd340445b89ee0f) Importer(815301076,1909f56bfc062723c751e8b465ee728b)
Start importing Assets/2D SpritePack/Demo using Guid(6cdbec270dfb1e149bd340445b89ee0f) Importer(815301076,1909f56bfc062723c751e8b465ee728b)  -> (artifact id: '4702a638f83f53a609c11566201847aa') in 0.004140 seconds
  Import took 0.007623 seconds .

========================================================================
Received Import Request.
  Time since last request: 0.000565 seconds.
  path: Assets/2D SpritePack/Demo
  artifactKey: Guid(6cdbec270dfb1e149bd340445b89ee0f) Importer(815301076,1909f56bfc062723c751e8b465ee728b)
Start importing Assets/2D SpritePack/Demo using Guid(6cdbec270dfb1e149bd340445b89ee0f) Importer(815301076,1909f56bfc062723c751e8b465ee728b)  -> (artifact id: '4702a638f83f53a609c11566201847aa') in 0.002934 seconds
  Import took 0.006072 seconds .

========================================================================
Received Prepare
Registering precompiled user dll's ...
Registered in 0.001643 seconds.
Begin MonoManager ReloadAssembly
Native extension for WindowsStandalone target not found
Refreshing native plugins compatible for Editor in 0.54 ms, found 1 plugins.
Preloading 0 native plugins for Editor in 0.00 ms.
Invoked RoslynAnalysisRunner static constructor.
RoslynAnalysisRunner will not be running.
RoslynAnalysisRunner has terminated.
Mono: successfully reloaded assembly
- Completed reload, in  1.038 seconds
Platform modules already initialized, skipping
Refreshing native plugins compatible for Editor in 0.66 ms, found 1 plugins.
Preloading 0 native plugins for Editor in 0.00 ms.
Unloading 1790 Unused Serialized files (Serialized files now loaded: 0)
System memory in use before: 87.6 MB.
System memory in use after: 87.6 MB.

Unloading 17 unused Assets to reduce memory usage. Loaded Objects now: 2244.
Total: 3.117800 ms (FindLiveObjects: 0.395700 ms CreateObjectMapping: 0.063700 ms MarkObjects: 2.508300 ms  DeleteObjects: 0.147700 ms)

========================================================================
Received Import Request.
  Time since last request: 89.617683 seconds.
  path: Assets/Pallettes/Palette.prefab
  artifactKey: Guid(373d50c64adb6a349a4fbd5f5fa27606) Importer(815301076,1909f56bfc062723c751e8b465ee728b)
Start importing Assets/Pallettes/Palette.prefab using Guid(373d50c64adb6a349a4fbd5f5fa27606) Importer(815301076,1909f56bfc062723c751e8b465ee728b)  -> (artifact id: '396f0a4edccd82f29d6c7c8c26fb5139') in 0.030897 seconds
  Import took 0.035029 seconds .

========================================================================
Received Import Request.
  Time since last request: 10.755470 seconds.
  path: Assets/Pallettes/Palette.prefab
  artifactKey: Guid(373d50c64adb6a349a4fbd5f5fa27606) Importer(815301076,1909f56bfc062723c751e8b465ee728b)
Start importing Assets/Pallettes/Palette.prefab using Guid(373d50c64adb6a349a4fbd5f5fa27606) Importer(815301076,1909f56bfc062723c751e8b465ee728b)  -> (artifact id: '2f6efd4aecb7e20db0b77eafb4cc4c22') in 0.004692 seconds
  Import took 0.007966 seconds .

========================================================================
Received Import Request.
  Time since last request: 23.838012 seconds.
  path: Assets/Sprites/Terrain (16x16).png
  artifactKey: Guid(adce7c67c299acf428533e7895e68c52) Importer(815301076,1909f56bfc062723c751e8b465ee728b)
Start importing Assets/Sprites/Terrain (16x16).png using Guid(adce7c67c299acf428533e7895e68c52) Importer(815301076,1909f56bfc062723c751e8b465ee728b)  -> (artifact id: 'dbe12ec9c694ef3e93525a4161740481') in 0.096292 seconds
  Import took 0.099694 seconds .

========================================================================
Received Import Request.
  Time since last request: 38.207781 seconds.
  path: Assets/Pallettes/Palette.prefab
  artifactKey: Guid(373d50c64adb6a349a4fbd5f5fa27606) Importer(815301076,1909f56bfc062723c751e8b465ee728b)
Start importing Assets/Pallettes/Palette.prefab using Guid(373d50c64adb6a349a4fbd5f5fa27606) Importer(815301076,1909f56bfc062723c751e8b465ee728b)  -> (artifact id: 'b396f5d905931c120a0625cfc6d005f5') in 0.004985 seconds
  Import took 0.008185 seconds .

========================================================================
Received Import Request.
  Time since last request: 0.000358 seconds.
  path: Assets/Pallettes/Terrain Palette.prefab
  artifactKey: Guid(0fe4a0723b0a5e945b7ca9a651a7e02d) Importer(815301076,1909f56bfc062723c751e8b465ee728b)
Start importing Assets/Pallettes/Terrain Palette.prefab using Guid(0fe4a0723b0a5e945b7ca9a651a7e02d) Importer(815301076,1909f56bfc062723c751e8b465ee728b)  -> (artifact id: 'cc15d7db6f7ce37e1be70b50d40ee6e0') in 0.007030 seconds
  Import took 0.010786 seconds .

========================================================================
Received Import Request.
  Time since last request: 11.248248 seconds.
  path: Assets/Palettes
  artifactKey: Guid(74879c91156f9e942856c8f2036e78a3) Importer(815301076,1909f56bfc062723c751e8b465ee728b)
Start importing Assets/Palettes using Guid(74879c91156f9e942856c8f2036e78a3) Importer(815301076,1909f56bfc062723c751e8b465ee728b)  -> (artifact id: 'c6b3088023e7b74d960e01d70c72e700') in 0.004188 seconds
  Import took 0.007927 seconds .

========================================================================
Received Import Request.
  Time since last request: 163.817330 seconds.
  path: Assets/Palettes/Terrain Palette.prefab
  artifactKey: Guid(0fe4a0723b0a5e945b7ca9a651a7e02d) Importer(815301076,1909f56bfc062723c751e8b465ee728b)
Start importing Assets/Palettes/Terrain Palette.prefab using Guid(0fe4a0723b0a5e945b7ca9a651a7e02d) Importer(815301076,1909f56bfc062723c751e8b465ee728b)  -> (artifact id: 'b967e2ccd527f824d3af79bce854ce5a') in 0.004642 seconds
  Import took 0.007913 seconds .

========================================================================
Received Import Request.
  Time since last request: 0.777540 seconds.
  path: Assets/Palettes/Terrain Palette
  artifactKey: Guid(29ab704cb6ff4fb4ca45bdbc041e2964) Importer(815301076,1909f56bfc062723c751e8b465ee728b)
Start importing Assets/Palettes/Terrain Palette using Guid(29ab704cb6ff4fb4ca45bdbc041e2964) Importer(815301076,1909f56bfc062723c751e8b465ee728b)  -> (artifact id: 'ace4d0960f455c2e08f753b1133ce328') in 0.003325 seconds
  Import took 0.006702 seconds .

========================================================================
Received Import Request.
  Time since last request: 0.000755 seconds.
  path: Assets/Palettes/Terrain Palette
  artifactKey: Guid(29ab704cb6ff4fb4ca45bdbc041e2964) Importer(815301076,1909f56bfc062723c751e8b465ee728b)
Start importing Assets/Palettes/Terrain Palette using Guid(29ab704cb6ff4fb4ca45bdbc041e2964) Importer(815301076,1909f56bfc062723c751e8b465ee728b)  -> (artifact id: 'ace4d0960f455c2e08f753b1133ce328') in 0.003345 seconds
  Import took 0.007082 seconds .

========================================================================
Received Import Request.
  Time since last request: 0.936714 seconds.
  path: Assets/Palettes/Terrain Palette/GrassTile.png
  artifactKey: Guid(13d6021fd2ee01d408d1a7c048f3ce27) Importer(815301076,1909f56bfc062723c751e8b465ee728b)
Start importing Assets/Palettes/Terrain Palette/GrassTile.png using Guid(13d6021fd2ee01d408d1a7c048f3ce27) Importer(815301076,1909f56bfc062723c751e8b465ee728b)  -> (artifact id: '92fd21d3a29bc1a83237019dd9bd4da3') in 0.011431 seconds
  Import took 0.014955 seconds .

========================================================================
Received Import Request.
  Time since last request: 0.000322 seconds.
  path: Assets/Palettes/Terrain Palette/Terrain.asset
  artifactKey: Guid(bb3bbf0d3958d75428293bb4e04acf74) Importer(815301076,1909f56bfc062723c751e8b465ee728b)
Start importing Assets/Palettes/Terrain Palette/Terrain.asset using Guid(bb3bbf0d3958d75428293bb4e04acf74) Importer(815301076,1909f56bfc062723c751e8b465ee728b)  -> (artifact id: '40b76d5db6c9ba32b158ee5d25db9ac2') in 0.007103 seconds
  Import took 0.010336 seconds .

========================================================================
Received Import Request.
  Time since last request: 8.633333 seconds.
  path: Assets/Palettes/Terrain Palette/GrassTile.asset
  artifactKey: Guid(fda8cf543bdda6f4eb7c3efc15dfde88) Importer(815301076,1909f56bfc062723c751e8b465ee728b)
Start importing Assets/Palettes/Terrain Palette/GrassTile.asset using Guid(fda8cf543bdda6f4eb7c3efc15dfde88) Importer(815301076,1909f56bfc062723c751e8b465ee728b)  -> (artifact id: 'eb7b3c55611f25a20d5499f0a18fb704') in 0.018054 seconds
  Import took 0.021777 seconds .

========================================================================
Received Import Request.
  Time since last request: 35.053034 seconds.
  path: Assets/Palettes/Terrain Palette/GrassTile.png
  artifactKey: Guid(13d6021fd2ee01d408d1a7c048f3ce27) Importer(815301076,1909f56bfc062723c751e8b465ee728b)
Start importing Assets/Palettes/Terrain Palette/GrassTile.png using Guid(13d6021fd2ee01d408d1a7c048f3ce27) Importer(815301076,1909f56bfc062723c751e8b465ee728b)  -> (artifact id: 'fe6cd9c80cb2ee6238b6f794840bd593') in 0.012758 seconds
  Import took 0.016432 seconds .

========================================================================
Received Import Request.
  Time since last request: 0.020965 seconds.
  path: Assets/Palettes/Terrain Palette/GrassTile.png
  artifactKey: Guid(13d6021fd2ee01d408d1a7c048f3ce27) Importer(815301076,1909f56bfc062723c751e8b465ee728b)
Start importing Assets/Palettes/Terrain Palette/GrassTile.png using Guid(13d6021fd2ee01d408d1a7c048f3ce27) Importer(815301076,1909f56bfc062723c751e8b465ee728b)  -> (artifact id: 'fe6cd9c80cb2ee6238b6f794840bd593') in 0.011343 seconds
  Import took 0.015284 seconds .

========================================================================
Received Import Request.
  Time since last request: 1.860874 seconds.
  path: Assets/Palettes/Terrain Palette.prefab
  artifactKey: Guid(0fe4a0723b0a5e945b7ca9a651a7e02d) Importer(815301076,1909f56bfc062723c751e8b465ee728b)
Start importing Assets/Palettes/Terrain Palette.prefab using Guid(0fe4a0723b0a5e945b7ca9a651a7e02d) Importer(815301076,1909f56bfc062723c751e8b465ee728b)  -> (artifact id: '1ab675d5ea77c82b01fda25b6ca957c6') in 0.004570 seconds
  Import took 0.007853 seconds .

========================================================================
Received Import Request.
  Time since last request: 27.758855 seconds.
  path: Assets/Palettes/Terrain Palette.prefab
  artifactKey: Guid(0fe4a0723b0a5e945b7ca9a651a7e02d) Importer(815301076,1909f56bfc062723c751e8b465ee728b)
Start importing Assets/Palettes/Terrain Palette.prefab using Guid(0fe4a0723b0a5e945b7ca9a651a7e02d) Importer(815301076,1909f56bfc062723c751e8b465ee728b)  -> (artifact id: 'f1e11eca1f700e08b41c6a486d82a71b') in 0.004510 seconds
  Import took 0.007651 seconds .

========================================================================
Received Import Request.
  Time since last request: 38.817523 seconds.
  path: Assets/Sprites/Terrain (16x16).png
  artifactKey: Guid(adce7c67c299acf428533e7895e68c52) Importer(815301076,1909f56bfc062723c751e8b465ee728b)
Start importing Assets/Sprites/Terrain (16x16).png using Guid(adce7c67c299acf428533e7895e68c52) Importer(815301076,1909f56bfc062723c751e8b465ee728b)  -> (artifact id: '1725df0c8af5ab5456433ff6002c156e') in 0.011195 seconds
  Import took 0.014742 seconds .

========================================================================
Received Import Request.
  Time since last request: 37.962359 seconds.
  path: Assets/Palettes/Terrain Palette.prefab
  artifactKey: Guid(0fe4a0723b0a5e945b7ca9a651a7e02d) Importer(815301076,1909f56bfc062723c751e8b465ee728b)
Start importing Assets/Palettes/Terrain Palette.prefab using Guid(0fe4a0723b0a5e945b7ca9a651a7e02d) Importer(815301076,1909f56bfc062723c751e8b465ee728b)  -> (artifact id: '58dfb00c908ed949e01b96309fec4fc5') in 0.004537 seconds
  Import took 0.007819 seconds .

========================================================================
Received Import Request.
  Time since last request: 1.711587 seconds.
  path: Assets/Palettes/Terrain Palette/GrassTile.png
  artifactKey: Guid(13d6021fd2ee01d408d1a7c048f3ce27) Importer(815301076,1909f56bfc062723c751e8b465ee728b)
Start importing Assets/Palettes/Terrain Palette/GrassTile.png using Guid(13d6021fd2ee01d408d1a7c048f3ce27) Importer(815301076,1909f56bfc062723c751e8b465ee728b)  -> (artifact id: '2fe1b9712173394427ecea3db47afd83') in 0.008934 seconds
  Import took 0.012564 seconds .

========================================================================
Received Import Request.
  Time since last request: 130.883708 seconds.
  path: Assets/Palettes/Terrain Palette.prefab
  artifactKey: Guid(0fe4a0723b0a5e945b7ca9a651a7e02d) Importer(815301076,1909f56bfc062723c751e8b465ee728b)
Start importing Assets/Palettes/Terrain Palette.prefab using Guid(0fe4a0723b0a5e945b7ca9a651a7e02d) Importer(815301076,1909f56bfc062723c751e8b465ee728b)  -> (artifact id: '09301d22de63a6a99352d05df6b45536') in 0.004747 seconds
  Import took 0.008115 seconds .

========================================================================
Received Import Request.
  Time since last request: 36.011570 seconds.
  path: Assets/Pallettes/Terrain Pallette
  artifactKey: Guid(29ab704cb6ff4fb4ca45bdbc041e2964) Importer(815301076,1909f56bfc062723c751e8b465ee728b)
Start importing Assets/Pallettes/Terrain Pallette using Guid(29ab704cb6ff4fb4ca45bdbc041e2964) Importer(815301076,1909f56bfc062723c751e8b465ee728b)  -> (artifact id: '91e60226a7edf59fe98125ef7edb3f8a') in 0.004449 seconds
  Import took 0.008836 seconds .

========================================================================
Received Import Request.
  Time since last request: 24.460185 seconds.
  path: Assets/Pallettes/Terrain Pallette.prefab
  artifactKey: Guid(0fe4a0723b0a5e945b7ca9a651a7e02d) Importer(815301076,1909f56bfc062723c751e8b465ee728b)
Start importing Assets/Pallettes/Terrain Pallette.prefab using Guid(0fe4a0723b0a5e945b7ca9a651a7e02d) Importer(815301076,1909f56bfc062723c751e8b465ee728b)  -> (artifact id: 'ee5658487b64601b57427bdfb3232f75') in 0.005557 seconds
  Import took 0.009360 seconds .

========================================================================
Received Import Request.
  Time since last request: 38.129444 seconds.
  path: Assets/Pallettes
  artifactKey: Guid(6163a1165b7cfe44bb308c1e36336de7) Importer(815301076,1909f56bfc062723c751e8b465ee728b)
Start importing Assets/Pallettes using Guid(6163a1165b7cfe44bb308c1e36336de7) Importer(815301076,1909f56bfc062723c751e8b465ee728b)  -> (artifact id: '5324b0ec047b847ae941f71264d4a7da') in 0.003230 seconds
  Import took 0.006422 seconds .

========================================================================
Received Import Request.
  Time since last request: 102.182341 seconds.
  path: Assets/Sprites/GrassTile.png
  artifactKey: Guid(8c0333cefff780d4db3a91ce61b62db8) Importer(815301076,1909f56bfc062723c751e8b465ee728b)
Start importing Assets/Sprites/GrassTile.png using Guid(8c0333cefff780d4db3a91ce61b62db8) Importer(815301076,1909f56bfc062723c751e8b465ee728b)  -> (artifact id: '53249699556d25f7d25f05e1060d9d02') in 0.013469 seconds
  Import took 0.020393 seconds .

========================================================================
Received Import Request.
  Time since last request: 11.646998 seconds.
  path: Assets/Palette
  artifactKey: Guid(cd7e22acb8684604ca198469cda46658) Importer(815301076,1909f56bfc062723c751e8b465ee728b)
Start importing Assets/Palette using Guid(cd7e22acb8684604ca198469cda46658) Importer(815301076,1909f56bfc062723c751e8b465ee728b)  -> (artifact id: 'c894905d054c2bd0f155b4acbd9f6fab') in 0.002925 seconds
  Import took 0.006747 seconds .

========================================================================
Received Import Request.
  Time since last request: 0.000385 seconds.
  path: Assets/Palette
  artifactKey: Guid(cd7e22acb8684604ca198469cda46658) Importer(815301076,1909f56bfc062723c751e8b465ee728b)
Start importing Assets/Palette using Guid(cd7e22acb8684604ca198469cda46658) Importer(815301076,1909f56bfc062723c751e8b465ee728b)  -> (artifact id: 'c894905d054c2bd0f155b4acbd9f6fab') in 0.002841 seconds
  Import took 0.005976 seconds .

========================================================================
Received Import Request.
  Time since last request: 0.101049 seconds.
  path: Assets/Palette/GrassTile.asset
  artifactKey: Guid(055d6fa7af8b3f146906bb18240a4525) Importer(815301076,1909f56bfc062723c751e8b465ee728b)
Start importing Assets/Palette/GrassTile.asset using Guid(055d6fa7af8b3f146906bb18240a4525) Importer(815301076,1909f56bfc062723c751e8b465ee728b)  -> (artifact id: '0fcc619497118d67600aeae15cadd25a') in 0.007149 seconds
  Import took 0.010733 seconds .

========================================================================
Received Import Request.
  Time since last request: 0.000237 seconds.
  path: Assets/Palette/Terrain Palette.prefab
  artifactKey: Guid(dd1b2c6480cf20243bdbd29e3f969eab) Importer(815301076,1909f56bfc062723c751e8b465ee728b)
Start importing Assets/Palette/Terrain Palette.prefab using Guid(dd1b2c6480cf20243bdbd29e3f969eab) Importer(815301076,1909f56bfc062723c751e8b465ee728b)  -> (artifact id: '18fe76f2f9e129b84c930afb17b9d62b') in 0.004615 seconds
  Import took 0.007650 seconds .

========================================================================
Received Import Request.
  Time since last request: 284.228103 seconds.
  path: Assets/Sprites/GrassTile.png
  artifactKey: Guid(8c0333cefff780d4db3a91ce61b62db8) Importer(815301076,1909f56bfc062723c751e8b465ee728b)
Start importing Assets/Sprites/GrassTile.png using Guid(8c0333cefff780d4db3a91ce61b62db8) Importer(815301076,1909f56bfc062723c751e8b465ee728b)  -> (artifact id: '1cf44a004cb22e0ad164413b86226f2c') in 0.009648 seconds
  Import took 0.013729 seconds .

========================================================================
Received Import Request.
  Time since last request: 151.874912 seconds.
  path: Assets/Sprites/GrassTile.png
  artifactKey: Guid(8c0333cefff780d4db3a91ce61b62db8) Importer(815301076,1909f56bfc062723c751e8b465ee728b)
Start importing Assets/Sprites/GrassTile.png using Guid(8c0333cefff780d4db3a91ce61b62db8) Importer(815301076,1909f56bfc062723c751e8b465ee728b)  -> (artifact id: '8f1d426b50d84459f8bd53b1ef97439d') in 0.008769 seconds
  Import took 0.012146 seconds .

========================================================================
Received Import Request.
  Time since last request: 2.989707 seconds.
  path: Assets/Sprites/GrassTile.png
  artifactKey: Guid(8c0333cefff780d4db3a91ce61b62db8) Importer(815301076,1909f56bfc062723c751e8b465ee728b)
Start importing Assets/Sprites/GrassTile.png using Guid(8c0333cefff780d4db3a91ce61b62db8) Importer(815301076,1909f56bfc062723c751e8b465ee728b)  -> (artifact id: '862e710625b77a1e768e50b4b57fb51e') in 0.008530 seconds
  Import took 0.012010 seconds .

========================================================================
Received Import Request.
  Time since last request: 3.004884 seconds.
  path: Assets/Sprites/GrassTile.png
  artifactKey: Guid(8c0333cefff780d4db3a91ce61b62db8) Importer(815301076,1909f56bfc062723c751e8b465ee728b)
Start importing Assets/Sprites/GrassTile.png using Guid(8c0333cefff780d4db3a91ce61b62db8) Importer(815301076,1909f56bfc062723c751e8b465ee728b)  -> (artifact id: 'd23b876a21345a28a926ec557d1aa7c6') in 0.008273 seconds
  Import took 0.011434 seconds .

========================================================================
Received Import Request.
  Time since last request: 5.444960 seconds.
  path: Assets/Sprites/GrassTile.png
  artifactKey: Guid(8c0333cefff780d4db3a91ce61b62db8) Importer(815301076,1909f56bfc062723c751e8b465ee728b)
Start importing Assets/Sprites/GrassTile.png using Guid(8c0333cefff780d4db3a91ce61b62db8) Importer(815301076,1909f56bfc062723c751e8b465ee728b)  -> (artifact id: '33809536fe210f2fe40d66e67806c049') in 0.011090 seconds
  Import took 0.014597 seconds .

========================================================================
Received Import Request.
  Time since last request: 14.086471 seconds.
  path: Assets/Palette/Terrain Palette.prefab
  artifactKey: Guid(dd1b2c6480cf20243bdbd29e3f969eab) Importer(815301076,1909f56bfc062723c751e8b465ee728b)
Start importing Assets/Palette/Terrain Palette.prefab using Guid(dd1b2c6480cf20243bdbd29e3f969eab) Importer(815301076,1909f56bfc062723c751e8b465ee728b)  -> (artifact id: 'a7e18469b8bdec64b90a55724d3d0ffe') in 0.004664 seconds
  Import took 0.007846 seconds .

========================================================================
Received Import Request.
  Time since last request: 12.546366 seconds.
  path: Assets/Palette/Terrain Palette.prefab
  artifactKey: Guid(dd1b2c6480cf20243bdbd29e3f969eab) Importer(815301076,1909f56bfc062723c751e8b465ee728b)
Start importing Assets/Palette/Terrain Palette.prefab using Guid(dd1b2c6480cf20243bdbd29e3f969eab) Importer(815301076,1909f56bfc062723c751e8b465ee728b)  -> (artifact id: 'a9f9251851b91a13d8e483ea8fbc7ba1') in 0.004946 seconds
  Import took 0.008930 seconds .

========================================================================
Received Import Request.
  Time since last request: 0.000325 seconds.
  path: Assets/Palette/Terrain Pallette
  artifactKey: Guid(3fe0d0e33b500964eb3496d087e46e9b) Importer(815301076,1909f56bfc062723c751e8b465ee728b)
Start importing Assets/Palette/Terrain Pallette using Guid(3fe0d0e33b500964eb3496d087e46e9b) Importer(815301076,1909f56bfc062723c751e8b465ee728b)  -> (artifact id: '8f78b76e666a2523b0cbff8a69be8196') in 0.002970 seconds
  Import took 0.006313 seconds .

========================================================================
Received Import Request.
  Time since last request: 47.534502 seconds.
  path: Assets/Palette/Terrain Palette.prefab
  artifactKey: Guid(dd1b2c6480cf20243bdbd29e3f969eab) Importer(815301076,1909f56bfc062723c751e8b465ee728b)
Start importing Assets/Palette/Terrain Palette.prefab using Guid(dd1b2c6480cf20243bdbd29e3f969eab) Importer(815301076,1909f56bfc062723c751e8b465ee728b)  -> (artifact id: 'a68d608374b48c8d4c995d8c0b98e1df') in 0.004594 seconds
  Import took 0.008003 seconds .

========================================================================
Received Import Request.
  Time since last request: 0.587610 seconds.
  path: Assets/Palette/Terrain Pallette/GrassTile.asset
  artifactKey: Guid(d0b008b33772c624fa0799ad327b0ee2) Importer(815301076,1909f56bfc062723c751e8b465ee728b)
Start importing Assets/Palette/Terrain Pallette/GrassTile.asset using Guid(d0b008b33772c624fa0799ad327b0ee2) Importer(815301076,1909f56bfc062723c751e8b465ee728b)  -> (artifact id: '9df935eabf05510e3c8c1c70c6b65dd8') in 0.007265 seconds
  Import took 0.010483 seconds .

========================================================================
Received Import Request.
  Time since last request: 154.005991 seconds.
  path: Assets/Sprites/Terrain (16x16).asset
  artifactKey: Guid(52243e93a63253441885b6583be2b418) Importer(815301076,1909f56bfc062723c751e8b465ee728b)
Start importing Assets/Sprites/Terrain (16x16).asset using Guid(52243e93a63253441885b6583be2b418) Importer(815301076,1909f56bfc062723c751e8b465ee728b)  -> (artifact id: 'f771b71dacd77988c6e55b3f6fff7937') in 0.010568 seconds
  Import took 0.014072 seconds .

========================================================================
Received Import Request.
  Time since last request: 89.015356 seconds.
  path: Assets/Sprites/Terrain (16x16).png
  artifactKey: Guid(adce7c67c299acf428533e7895e68c52) Importer(815301076,1909f56bfc062723c751e8b465ee728b)
Start importing Assets/Sprites/Terrain (16x16).png using Guid(adce7c67c299acf428533e7895e68c52) Importer(815301076,1909f56bfc062723c751e8b465ee728b)  -> (artifact id: 'f22e5f1bf3af5de4611fcd08629a0f24') in 0.008145 seconds
  Import took 0.011559 seconds .

========================================================================
Received Import Request.
  Time since last request: 6.969017 seconds.
  path: Assets/Palette/Terrain Palette.prefab
  artifactKey: Guid(dd1b2c6480cf20243bdbd29e3f969eab) Importer(815301076,1909f56bfc062723c751e8b465ee728b)
Start importing Assets/Palette/Terrain Palette.prefab using Guid(dd1b2c6480cf20243bdbd29e3f969eab) Importer(815301076,1909f56bfc062723c751e8b465ee728b)  -> (artifact id: 'bd9e9155142638498771a30f52a105c5') in 0.005953 seconds
  Import took 0.009987 seconds .

========================================================================
Received Import Request.
  Time since last request: 226.230193 seconds.
  path: Assets/Sprites/Terrain (16x16).png
  artifactKey: Guid(adce7c67c299acf428533e7895e68c52) Importer(815301076,1909f56bfc062723c751e8b465ee728b)
Start importing Assets/Sprites/Terrain (16x16).png using Guid(adce7c67c299acf428533e7895e68c52) Importer(815301076,1909f56bfc062723c751e8b465ee728b)  -> (artifact id: '1233b099ca6243a51f23b589568b6491') in 0.044369 seconds
  Import took 0.047875 seconds .

========================================================================
Received Prepare
Registering precompiled user dll's ...
Registered in 0.001718 seconds.
Begin MonoManager ReloadAssembly
Native extension for WindowsStandalone target not found
Refreshing native plugins compatible for Editor in 0.40 ms, found 1 plugins.
Preloading 0 native plugins for Editor in 0.00 ms.
Invoked RoslynAnalysisRunner static constructor.
RoslynAnalysisRunner will not be running.
RoslynAnalysisRunner has terminated.
Mono: successfully reloaded assembly
- Completed reload, in  0.976 seconds
Platform modules already initialized, skipping
Refreshing native plugins compatible for Editor in 0.73 ms, found 1 plugins.
Preloading 0 native plugins for Editor in 0.00 ms.
Unloading 1790 Unused Serialized files (Serialized files now loaded: 0)
System memory in use before: 87.8 MB.
System memory in use after: 87.8 MB.

Unloading 12 unused Assets to reduce memory usage. Loaded Objects now: 2277.
Total: 2.862000 ms (FindLiveObjects: 0.275000 ms CreateObjectMapping: 0.061400 ms MarkObjects: 2.387700 ms  DeleteObjects: 0.136000 ms)

========================================================================
Received Prepare
Registering precompiled user dll's ...
Registered in 0.001604 seconds.
Begin MonoManager ReloadAssembly
Native extension for WindowsStandalone target not found
Refreshing native plugins compatible for Editor in 0.38 ms, found 1 plugins.
Preloading 0 native plugins for Editor in 0.00 ms.
Invoked RoslynAnalysisRunner static constructor.
RoslynAnalysisRunner will not be running.
RoslynAnalysisRunner has terminated.
Mono: successfully reloaded assembly
- Completed reload, in  0.966 seconds
Platform modules already initialized, skipping
Refreshing native plugins compatible for Editor in 0.41 ms, found 1 plugins.
Preloading 0 native plugins for Editor in 0.00 ms.
Unloading 1790 Unused Serialized files (Serialized files now loaded: 0)
System memory in use before: 87.9 MB.
System memory in use after: 87.9 MB.

Unloading 12 unused Assets to reduce memory usage. Loaded Objects now: 2280.
Total: 2.573600 ms (FindLiveObjects: 0.381000 ms CreateObjectMapping: 0.110200 ms MarkObjects: 1.942700 ms  DeleteObjects: 0.138400 ms)

========================================================================
Received Prepare
Registering precompiled user dll's ...
Registered in 0.002092 seconds.
Begin MonoManager ReloadAssembly
Native extension for WindowsStandalone target not found
Refreshing native plugins compatible for Editor in 0.41 ms, found 1 plugins.
Preloading 0 native plugins for Editor in 0.00 ms.
Invoked RoslynAnalysisRunner static constructor.
RoslynAnalysisRunner will not be running.
RoslynAnalysisRunner has terminated.
Mono: successfully reloaded assembly
- Completed reload, in  0.962 seconds
Platform modules already initialized, skipping
Refreshing native plugins compatible for Editor in 0.64 ms, found 1 plugins.
Preloading 0 native plugins for Editor in 0.00 ms.
Unloading 1790 Unused Serialized files (Serialized files now loaded: 0)
System memory in use before: 88.0 MB.
System memory in use after: 88.0 MB.

Unloading 12 unused Assets to reduce memory usage. Loaded Objects now: 2283.
Total: 2.220700 ms (FindLiveObjects: 0.240600 ms CreateObjectMapping: 0.043800 ms MarkObjects: 1.808700 ms  DeleteObjects: 0.125800 ms)

========================================================================
Received Import Request.
  Time since last request: 294.972237 seconds.
  path: Assets/Prefabs/Bubble.prefab
  artifactKey: Guid(3fabaa73fb8bb1c449b273c9def508ab) Importer(815301076,1909f56bfc062723c751e8b465ee728b)
Start importing Assets/Prefabs/Bubble.prefab using Guid(3fabaa73fb8bb1c449b273c9def508ab) Importer(815301076,1909f56bfc062723c751e8b465ee728b)  -> (artifact id: '23fd7f1da77edacf963320cd819aa457') in 0.068468 seconds
  Import took 0.072070 seconds .

========================================================================
Received Import Request.
  Time since last request: 16.920707 seconds.
  path: Assets/Scripts/PlayerMovement.cs
  artifactKey: Guid(61d39ddac7823ce428b334e5c211c9d9) Importer(815301076,1909f56bfc062723c751e8b465ee728b)
Start importing Assets/Scripts/PlayerMovement.cs using Guid(61d39ddac7823ce428b334e5c211c9d9) Importer(815301076,1909f56bfc062723c751e8b465ee728b)  -> (artifact id: '6108e351f87a32f4808ca4593a744511') in 0.011299 seconds
  Import took 0.014472 seconds .

========================================================================
Received Import Request.
  Time since last request: 0.323721 seconds.
  path: Assets/Scripts/PlayerWand.cs
  artifactKey: Guid(c0b879af5fa45314385e23160e4a877e) Importer(815301076,1909f56bfc062723c751e8b465ee728b)
Start importing Assets/Scripts/PlayerWand.cs using Guid(c0b879af5fa45314385e23160e4a877e) Importer(815301076,1909f56bfc062723c751e8b465ee728b)  -> (artifact id: 'e430e00df815c6a9b2a7dc33ed7b47fc') in 0.003312 seconds
  Import took 0.006383 seconds .

========================================================================
Received Prepare
Registering precompiled user dll's ...
Registered in 0.001949 seconds.
Begin MonoManager ReloadAssembly
Native extension for WindowsStandalone target not found
Refreshing native plugins compatible for Editor in 0.60 ms, found 1 plugins.
Preloading 0 native plugins for Editor in 0.00 ms.
Invoked RoslynAnalysisRunner static constructor.
RoslynAnalysisRunner will not be running.
RoslynAnalysisRunner has terminated.
Mono: successfully reloaded assembly
- Completed reload, in  1.018 seconds
Platform modules already initialized, skipping
Refreshing native plugins compatible for Editor in 0.61 ms, found 1 plugins.
Preloading 0 native plugins for Editor in 0.00 ms.
Unloading 1790 Unused Serialized files (Serialized files now loaded: 0)
System memory in use before: 88.1 MB.
System memory in use after: 88.1 MB.

Unloading 12 unused Assets to reduce memory usage. Loaded Objects now: 2291.
Total: 2.455400 ms (FindLiveObjects: 0.296900 ms CreateObjectMapping: 0.056400 ms MarkObjects: 1.972300 ms  DeleteObjects: 0.128500 ms)

========================================================================
Received Import Request.
  Time since last request: 21.144948 seconds.
  path: Assets/Scripts/BubbleFire.cs
  artifactKey: Guid(da2bbd23eeebb6346a0c1cea81cc6623) Importer(815301076,1909f56bfc062723c751e8b465ee728b)
Start importing Assets/Scripts/BubbleFire.cs using Guid(da2bbd23eeebb6346a0c1cea81cc6623) Importer(815301076,1909f56bfc062723c751e8b465ee728b)  -> (artifact id: 'd3ca63ca0bf4683e3257784e7e27615c') in 0.006267 seconds
  Import took 0.009823 seconds .

========================================================================
Received Prepare
Registering precompiled user dll's ...
Registered in 0.001508 seconds.
Begin MonoManager ReloadAssembly
Native extension for WindowsStandalone target not found
Refreshing native plugins compatible for Editor in 0.58 ms, found 1 plugins.
Preloading 0 native plugins for Editor in 0.00 ms.
Invoked RoslynAnalysisRunner static constructor.
RoslynAnalysisRunner will not be running.
RoslynAnalysisRunner has terminated.
Mono: successfully reloaded assembly
- Completed reload, in  1.038 seconds
Platform modules already initialized, skipping
Refreshing native plugins compatible for Editor in 0.65 ms, found 1 plugins.
Preloading 0 native plugins for Editor in 0.00 ms.
Unloading 1790 Unused Serialized files (Serialized files now loaded: 0)
System memory in use before: 88.2 MB.
System memory in use after: 88.2 MB.

Unloading 12 unused Assets to reduce memory usage. Loaded Objects now: 2294.
Total: 2.632900 ms (FindLiveObjects: 0.341800 ms CreateObjectMapping: 0.087400 ms MarkObjects: 2.062400 ms  DeleteObjects: 0.139100 ms)

========================================================================
Received Prepare
Registering precompiled user dll's ...
Registered in 0.001641 seconds.
Begin MonoManager ReloadAssembly
Native extension for WindowsStandalone target not found
Refreshing native plugins compatible for Editor in 0.60 ms, found 1 plugins.
Preloading 0 native plugins for Editor in 0.00 ms.
Invoked RoslynAnalysisRunner static constructor.
RoslynAnalysisRunner will not be running.
RoslynAnalysisRunner has terminated.
Mono: successfully reloaded assembly
- Completed reload, in  1.155 seconds
Platform modules already initialized, skipping
Refreshing native plugins compatible for Editor in 0.62 ms, found 1 plugins.
Preloading 0 native plugins for Editor in 0.00 ms.
Unloading 1790 Unused Serialized files (Serialized files now loaded: 0)
System memory in use before: 88.3 MB.
System memory in use after: 88.3 MB.

Unloading 12 unused Assets to reduce memory usage. Loaded Objects now: 2297.
Total: 2.639000 ms (FindLiveObjects: 0.281000 ms CreateObjectMapping: 0.056700 ms MarkObjects: 2.155200 ms  DeleteObjects: 0.144900 ms)

========================================================================
Received Prepare
Registering precompiled user dll's ...
Registered in 0.001680 seconds.
Begin MonoManager ReloadAssembly
Native extension for WindowsStandalone target not found
Refreshing native plugins compatible for Editor in 0.61 ms, found 1 plugins.
Preloading 0 native plugins for Editor in 0.00 ms.
Invoked RoslynAnalysisRunner static constructor.
RoslynAnalysisRunner will not be running.
RoslynAnalysisRunner has terminated.
Mono: successfully reloaded assembly
- Completed reload, in  1.084 seconds
Platform modules already initialized, skipping
Refreshing native plugins compatible for Editor in 0.63 ms, found 1 plugins.
Preloading 0 native plugins for Editor in 0.00 ms.
Unloading 1790 Unused Serialized files (Serialized files now loaded: 0)
System memory in use before: 88.4 MB.
System memory in use after: 88.4 MB.

Unloading 12 unused Assets to reduce memory usage. Loaded Objects now: 2300.
Total: 2.989300 ms (FindLiveObjects: 0.337100 ms CreateObjectMapping: 0.059600 ms MarkObjects: 2.439400 ms  DeleteObjects: 0.151700 ms)

========================================================================
Received Prepare
Registering precompiled user dll's ...
Registered in 0.001807 seconds.
Begin MonoManager ReloadAssembly
Native extension for WindowsStandalone target not found
Refreshing native plugins compatible for Editor in 0.59 ms, found 1 plugins.
Preloading 0 native plugins for Editor in 0.00 ms.
Invoked RoslynAnalysisRunner static constructor.
RoslynAnalysisRunner will not be running.
RoslynAnalysisRunner has terminated.
Mono: successfully reloaded assembly
- Completed reload, in  1.050 seconds
Platform modules already initialized, skipping
Refreshing native plugins compatible for Editor in 0.68 ms, found 1 plugins.
Preloading 0 native plugins for Editor in 0.00 ms.
Unloading 1790 Unused Serialized files (Serialized files now loaded: 0)
System memory in use before: 88.5 MB.
System memory in use after: 88.5 MB.

Unloading 12 unused Assets to reduce memory usage. Loaded Objects now: 2303.
Total: 3.252100 ms (FindLiveObjects: 0.238900 ms CreateObjectMapping: 0.058900 ms MarkObjects: 2.815400 ms  DeleteObjects: 0.137400 ms)

========================================================================
Received Prepare
Registering precompiled user dll's ...
Registered in 0.002205 seconds.
Begin MonoManager ReloadAssembly
Native extension for WindowsStandalone target not found
Refreshing native plugins compatible for Editor in 0.58 ms, found 1 plugins.
Preloading 0 native plugins for Editor in 0.00 ms.
Invoked RoslynAnalysisRunner static constructor.
RoslynAnalysisRunner will not be running.
RoslynAnalysisRunner has terminated.
Mono: successfully reloaded assembly
- Completed reload, in  1.031 seconds
Platform modules already initialized, skipping
Refreshing native plugins compatible for Editor in 0.63 ms, found 1 plugins.
Preloading 0 native plugins for Editor in 0.00 ms.
Unloading 1790 Unused Serialized files (Serialized files now loaded: 0)
System memory in use before: 88.6 MB.
System memory in use after: 88.6 MB.

Unloading 12 unused Assets to reduce memory usage. Loaded Objects now: 2306.
Total: 2.240900 ms (FindLiveObjects: 0.221600 ms CreateObjectMapping: 0.044600 ms MarkObjects: 1.838600 ms  DeleteObjects: 0.134900 ms)

========================================================================
Received Import Request.
  Time since last request: 612.177399 seconds.
  path: Assets/Sprites/Shadow.png
  artifactKey: Guid(187f2092a975c6242917a4a633016ff9) Importer(815301076,1909f56bfc062723c751e8b465ee728b)
Start importing Assets/Sprites/Shadow.png using Guid(187f2092a975c6242917a4a633016ff9) Importer(815301076,1909f56bfc062723c751e8b465ee728b)  -> (artifact id: '3976119a53293225f5f994c18e088128') in 0.060339 seconds
  Import took 0.064295 seconds .

========================================================================
Received Import Request.
  Time since last request: 68.322999 seconds.
  path: ProjectSettings/TagManager.asset
  artifactKey: Guid(00000000000000003000000000000000) Importer(815301076,1909f56bfc062723c751e8b465ee728b)
Start importing ProjectSettings/TagManager.asset using Guid(00000000000000003000000000000000) Importer(815301076,1909f56bfc062723c751e8b465ee728b)  -> (artifact id: '56ef4b48a3a8e96c85c5601055c52314') in 0.003882 seconds
  Import took 0.007150 seconds .

========================================================================
Received Import Request.
  Time since last request: 0.002559 seconds.
  path: ProjectSettings/TagManager.asset
  artifactKey: Guid(00000000000000003000000000000000) Importer(815301076,1909f56bfc062723c751e8b465ee728b)
Start importing ProjectSettings/TagManager.asset using Guid(00000000000000003000000000000000) Importer(815301076,1909f56bfc062723c751e8b465ee728b)  -> (artifact id: '56ef4b48a3a8e96c85c5601055c52314') in 0.004260 seconds
  Import took 0.007599 seconds .

========================================================================
Received Import Request.
  Time since last request: 27.434092 seconds.
  path: Assets/Palette/Background Palette.prefab
  artifactKey: Guid(05408e3e5bb679a408f9f3430c402c50) Importer(815301076,1909f56bfc062723c751e8b465ee728b)
Start importing Assets/Palette/Background Palette.prefab using Guid(05408e3e5bb679a408f9f3430c402c50) Importer(815301076,1909f56bfc062723c751e8b465ee728b)  -> (artifact id: '8a56c1d54e512f79176d58850c888446') in 0.012877 seconds
  Import took 0.016464 seconds .

========================================================================
Received Import Request.
  Time since last request: 0.000375 seconds.
  path: Assets/Palette/Terrain Palette.prefab
  artifactKey: Guid(dd1b2c6480cf20243bdbd29e3f969eab) Importer(815301076,1909f56bfc062723c751e8b465ee728b)
Start importing Assets/Palette/Terrain Palette.prefab using Guid(dd1b2c6480cf20243bdbd29e3f969eab) Importer(815301076,1909f56bfc062723c751e8b465ee728b)  -> (artifact id: 'ef74d279421865ca9ff30f0fa3371398') in 0.004635 seconds
  Import took 0.007780 seconds .

========================================================================
Received Import Request.
  Time since last request: 43.154109 seconds.
  path: Assets/Sprites/Shadow.png
  artifactKey: Guid(187f2092a975c6242917a4a633016ff9) Importer(815301076,1909f56bfc062723c751e8b465ee728b)
Start importing Assets/Sprites/Shadow.png using Guid(187f2092a975c6242917a4a633016ff9) Importer(815301076,1909f56bfc062723c751e8b465ee728b)  -> (artifact id: '0f0ee7c22a9a845591d1d41e722310f2') in 0.009838 seconds
  Import took 0.013443 seconds .

========================================================================
Received Import Request.
  Time since last request: 52.041890 seconds.
  path: Assets/Sprites/Shadow.png
  artifactKey: Guid(187f2092a975c6242917a4a633016ff9) Importer(815301076,1909f56bfc062723c751e8b465ee728b)
Start importing Assets/Sprites/Shadow.png using Guid(187f2092a975c6242917a4a633016ff9) Importer(815301076,1909f56bfc062723c751e8b465ee728b)  -> (artifact id: 'eff46ca84b2805fcc4b4855480d4b672') in 0.009629 seconds
  Import took 0.013486 seconds .

========================================================================
Received Import Request.
  Time since last request: 0.024391 seconds.
  path: Assets/Sprites/Shadow.png
  artifactKey: Guid(187f2092a975c6242917a4a633016ff9) Importer(815301076,1909f56bfc062723c751e8b465ee728b)
Start importing Assets/Sprites/Shadow.png using Guid(187f2092a975c6242917a4a633016ff9) Importer(815301076,1909f56bfc062723c751e8b465ee728b)  -> (artifact id: 'eff46ca84b2805fcc4b4855480d4b672') in 0.011473 seconds
  Import took 0.015428 seconds .

========================================================================
Received Prepare
Registering precompiled user dll's ...
Registered in 0.002382 seconds.
Begin MonoManager ReloadAssembly
Native extension for WindowsStandalone target not found
Refreshing native plugins compatible for Editor in 0.39 ms, found 1 plugins.
Preloading 0 native plugins for Editor in 0.00 ms.
Invoked RoslynAnalysisRunner static constructor.
RoslynAnalysisRunner will not be running.
RoslynAnalysisRunner has terminated.
Mono: successfully reloaded assembly
- Completed reload, in  0.956 seconds
Platform modules already initialized, skipping
Refreshing native plugins compatible for Editor in 0.61 ms, found 1 plugins.
Preloading 0 native plugins for Editor in 0.00 ms.
Unloading 1790 Unused Serialized files (Serialized files now loaded: 0)
System memory in use before: 88.7 MB.
System memory in use after: 88.7 MB.

Unloading 14 unused Assets to reduce memory usage. Loaded Objects now: 2312.
Total: 2.277800 ms (FindLiveObjects: 0.206800 ms CreateObjectMapping: 0.045100 ms MarkObjects: 1.891200 ms  DeleteObjects: 0.133800 ms)

========================================================================
Received Prepare
Registering precompiled user dll's ...
Registered in 0.001842 seconds.
Begin MonoManager ReloadAssembly
Native extension for WindowsStandalone target not found
Refreshing native plugins compatible for Editor in 0.56 ms, found 1 plugins.
Preloading 0 native plugins for Editor in 0.00 ms.
Invoked RoslynAnalysisRunner static constructor.
RoslynAnalysisRunner will not be running.
RoslynAnalysisRunner has terminated.
Mono: successfully reloaded assembly
- Completed reload, in  0.990 seconds
Platform modules already initialized, skipping
Refreshing native plugins compatible for Editor in 0.59 ms, found 1 plugins.
Preloading 0 native plugins for Editor in 0.00 ms.
Unloading 1790 Unused Serialized files (Serialized files now loaded: 0)
System memory in use before: 88.8 MB.
System memory in use after: 88.8 MB.

Unloading 12 unused Assets to reduce memory usage. Loaded Objects now: 2315.
Total: 2.596200 ms (FindLiveObjects: 0.355000 ms CreateObjectMapping: 0.073100 ms MarkObjects: 2.031900 ms  DeleteObjects: 0.134600 ms)

========================================================================
Received Prepare
Registering precompiled user dll's ...
Registered in 0.002277 seconds.
Begin MonoManager ReloadAssembly
Native extension for WindowsStandalone target not found
Refreshing native plugins compatible for Editor in 0.73 ms, found 1 plugins.
Preloading 0 native plugins for Editor in 0.00 ms.
Invoked RoslynAnalysisRunner static constructor.
RoslynAnalysisRunner will not be running.
RoslynAnalysisRunner has terminated.
Mono: successfully reloaded assembly
- Completed reload, in  1.339 seconds
Platform modules already initialized, skipping
Refreshing native plugins compatible for Editor in 0.88 ms, found 1 plugins.
Preloading 0 native plugins for Editor in 0.00 ms.
Unloading 1790 Unused Serialized files (Serialized files now loaded: 0)
System memory in use before: 88.9 MB.
System memory in use after: 88.9 MB.

Unloading 12 unused Assets to reduce memory usage. Loaded Objects now: 2318.
Total: 3.811300 ms (FindLiveObjects: 0.437100 ms CreateObjectMapping: 0.111900 ms MarkObjects: 3.082800 ms  DeleteObjects: 0.177800 ms)

========================================================================
Received Prepare
Registering precompiled user dll's ...
Registered in 0.001647 seconds.
Begin MonoManager ReloadAssembly
Native extension for WindowsStandalone target not found
Refreshing native plugins compatible for Editor in 0.39 ms, found 1 plugins.
Preloading 0 native plugins for Editor in 0.00 ms.
Invoked RoslynAnalysisRunner static constructor.
RoslynAnalysisRunner will not be running.
RoslynAnalysisRunner has terminated.
Mono: successfully reloaded assembly
- Completed reload, in  1.087 seconds
Platform modules already initialized, skipping
Refreshing native plugins compatible for Editor in 0.61 ms, found 1 plugins.
Preloading 0 native plugins for Editor in 0.00 ms.
Unloading 1790 Unused Serialized files (Serialized files now loaded: 0)
System memory in use before: 89.0 MB.
System memory in use after: 89.0 MB.

Unloading 12 unused Assets to reduce memory usage. Loaded Objects now: 2321.
Total: 2.944000 ms (FindLiveObjects: 0.388500 ms CreateObjectMapping: 0.081400 ms MarkObjects: 2.345200 ms  DeleteObjects: 0.126200 ms)

========================================================================
Received Import Request.
  Time since last request: 463.296652 seconds.
  path: Assets/Scripts/PlayerMovement.cs
  artifactKey: Guid(61d39ddac7823ce428b334e5c211c9d9) Importer(815301076,1909f56bfc062723c751e8b465ee728b)
Start importing Assets/Scripts/PlayerMovement.cs using Guid(61d39ddac7823ce428b334e5c211c9d9) Importer(815301076,1909f56bfc062723c751e8b465ee728b)  -> (artifact id: '6b0b8efd14e313ae3ff857476836c357') in 0.006597 seconds
  Import took 0.010080 seconds .

========================================================================
Received Prepare
Registering precompiled user dll's ...
Registered in 0.001599 seconds.
Begin MonoManager ReloadAssembly
Native extension for WindowsStandalone target not found
Refreshing native plugins compatible for Editor in 0.41 ms, found 1 plugins.
Preloading 0 native plugins for Editor in 0.00 ms.
Invoked RoslynAnalysisRunner static constructor.
RoslynAnalysisRunner will not be running.
RoslynAnalysisRunner has terminated.
Mono: successfully reloaded assembly
- Completed reload, in  1.001 seconds
Platform modules already initialized, skipping
Refreshing native plugins compatible for Editor in 0.64 ms, found 1 plugins.
Preloading 0 native plugins for Editor in 0.00 ms.
Unloading 1790 Unused Serialized files (Serialized files now loaded: 0)
System memory in use before: 89.1 MB.
System memory in use after: 89.1 MB.

Unloading 12 unused Assets to reduce memory usage. Loaded Objects now: 2324.
Total: 2.513900 ms (FindLiveObjects: 0.361100 ms CreateObjectMapping: 0.057600 ms MarkObjects: 1.908500 ms  DeleteObjects: 0.184600 ms)

========================================================================
Received Prepare
Registering precompiled user dll's ...
Registered in 0.001614 seconds.
Begin MonoManager ReloadAssembly
Native extension for WindowsStandalone target not found
Refreshing native plugins compatible for Editor in 0.39 ms, found 1 plugins.
Preloading 0 native plugins for Editor in 0.00 ms.
Invoked RoslynAnalysisRunner static constructor.
RoslynAnalysisRunner will not be running.
RoslynAnalysisRunner has terminated.
Mono: successfully reloaded assembly
- Completed reload, in  1.021 seconds
Platform modules already initialized, skipping
Refreshing native plugins compatible for Editor in 0.72 ms, found 1 plugins.
Preloading 0 native plugins for Editor in 0.00 ms.
Unloading 1790 Unused Serialized files (Serialized files now loaded: 0)
System memory in use before: 89.2 MB.
System memory in use after: 89.2 MB.

Unloading 12 unused Assets to reduce memory usage. Loaded Objects now: 2327.
Total: 2.562500 ms (FindLiveObjects: 0.325800 ms CreateObjectMapping: 0.072200 ms MarkObjects: 2.024300 ms  DeleteObjects: 0.138800 ms)

========================================================================
Received Prepare
Registering precompiled user dll's ...
Registered in 0.001623 seconds.
Begin MonoManager ReloadAssembly
Native extension for WindowsStandalone target not found
Refreshing native plugins compatible for Editor in 0.45 ms, found 1 plugins.
Preloading 0 native plugins for Editor in 0.00 ms.
Invoked RoslynAnalysisRunner static constructor.
RoslynAnalysisRunner will not be running.
RoslynAnalysisRunner has terminated.
Mono: successfully reloaded assembly
- Completed reload, in  1.015 seconds
Platform modules already initialized, skipping
Refreshing native plugins compatible for Editor in 0.62 ms, found 1 plugins.
Preloading 0 native plugins for Editor in 0.00 ms.
Unloading 1790 Unused Serialized files (Serialized files now loaded: 0)
System memory in use before: 89.3 MB.
System memory in use after: 89.3 MB.

Unloading 12 unused Assets to reduce memory usage. Loaded Objects now: 2330.
Total: 2.310700 ms (FindLiveObjects: 0.264200 ms CreateObjectMapping: 0.045600 ms MarkObjects: 1.859500 ms  DeleteObjects: 0.139900 ms)

========================================================================
Received Prepare
Registering precompiled user dll's ...
Registered in 0.001832 seconds.
Begin MonoManager ReloadAssembly
Native extension for WindowsStandalone target not found
Refreshing native plugins compatible for Editor in 0.42 ms, found 1 plugins.
Preloading 0 native plugins for Editor in 0.00 ms.
Invoked RoslynAnalysisRunner static constructor.
RoslynAnalysisRunner will not be running.
RoslynAnalysisRunner has terminated.
Mono: successfully reloaded assembly
- Completed reload, in  0.997 seconds
Platform modules already initialized, skipping
Refreshing native plugins compatible for Editor in 0.68 ms, found 1 plugins.
Preloading 0 native plugins for Editor in 0.00 ms.
Unloading 1790 Unused Serialized files (Serialized files now loaded: 0)
System memory in use before: 89.4 MB.
System memory in use after: 89.4 MB.

Unloading 12 unused Assets to reduce memory usage. Loaded Objects now: 2333.
Total: 2.419600 ms (FindLiveObjects: 0.219300 ms CreateObjectMapping: 0.043900 ms MarkObjects: 2.028600 ms  DeleteObjects: 0.126700 ms)

========================================================================
Received Prepare
Registering precompiled user dll's ...
Registered in 0.001508 seconds.
Begin MonoManager ReloadAssembly
Native extension for WindowsStandalone target not found
Refreshing native plugins compatible for Editor in 0.52 ms, found 1 plugins.
Preloading 0 native plugins for Editor in 0.00 ms.
Invoked RoslynAnalysisRunner static constructor.
RoslynAnalysisRunner will not be running.
RoslynAnalysisRunner has terminated.
Mono: successfully reloaded assembly
- Completed reload, in  0.966 seconds
Platform modules already initialized, skipping
Refreshing native plugins compatible for Editor in 0.60 ms, found 1 plugins.
Preloading 0 native plugins for Editor in 0.00 ms.
Unloading 1790 Unused Serialized files (Serialized files now loaded: 0)
System memory in use before: 89.5 MB.
System memory in use after: 89.5 MB.

Unloading 12 unused Assets to reduce memory usage. Loaded Objects now: 2336.
Total: 2.408500 ms (FindLiveObjects: 0.240600 ms CreateObjectMapping: 0.045100 ms MarkObjects: 1.989000 ms  DeleteObjects: 0.132100 ms)

========================================================================
Received Import Request.
  Time since last request: 150.505623 seconds.
  path: Assets/Physics Material
  artifactKey: Guid(ebb3c8ee00acefa4c8be5d909e418ff9) Importer(815301076,1909f56bfc062723c751e8b465ee728b)
Start importing Assets/Physics Material using Guid(ebb3c8ee00acefa4c8be5d909e418ff9) Importer(815301076,1909f56bfc062723c751e8b465ee728b)  -> (artifact id: '19fc5f177dd689175f0b43d67fa67624') in 0.006188 seconds
  Import took 0.009493 seconds .

========================================================================
Received Import Request.
  Time since last request: 4.825767 seconds.
  path: Assets/Physics Material/New Physic Material.physicMaterial
  artifactKey: Guid(a11042fe749b2be40b5bdca2d4247306) Importer(815301076,1909f56bfc062723c751e8b465ee728b)
Start importing Assets/Physics Material/New Physic Material.physicMaterial using Guid(a11042fe749b2be40b5bdca2d4247306) Importer(815301076,1909f56bfc062723c751e8b465ee728b)  -> (artifact id: '13b8963ab0de72b6490458c5bc5d6f6a') in 0.013166 seconds
  Import took 0.016644 seconds .

========================================================================
Received Import Request.
  Time since last request: 38.743488 seconds.
  path: Assets/Physics Material/New Physics Material 2D.physicsMaterial2D
  artifactKey: Guid(20790e23c24f12147a15c6a3598c20a7) Importer(815301076,1909f56bfc062723c751e8b465ee728b)
Start importing Assets/Physics Material/New Physics Material 2D.physicsMaterial2D using Guid(20790e23c24f12147a15c6a3598c20a7) Importer(815301076,1909f56bfc062723c751e8b465ee728b)  -> (artifact id: 'a824837511b17516408178c16b09299c') in 0.005928 seconds
  Import took 0.009438 seconds .

========================================================================
Received Prepare
Registering precompiled user dll's ...
Registered in 0.001691 seconds.
Begin MonoManager ReloadAssembly
Native extension for WindowsStandalone target not found
Refreshing native plugins compatible for Editor in 0.39 ms, found 1 plugins.
Preloading 0 native plugins for Editor in 0.00 ms.
Invoked RoslynAnalysisRunner static constructor.
RoslynAnalysisRunner will not be running.
RoslynAnalysisRunner has terminated.
Mono: successfully reloaded assembly
- Completed reload, in  0.953 seconds
Platform modules already initialized, skipping
Refreshing native plugins compatible for Editor in 0.59 ms, found 1 plugins.
Preloading 0 native plugins for Editor in 0.00 ms.
Unloading 1790 Unused Serialized files (Serialized files now loaded: 0)
System memory in use before: 89.6 MB.
System memory in use after: 89.6 MB.

Unloading 12 unused Assets to reduce memory usage. Loaded Objects now: 2339.
Total: 2.269300 ms (FindLiveObjects: 0.298400 ms CreateObjectMapping: 0.044300 ms MarkObjects: 1.799500 ms  DeleteObjects: 0.126100 ms)

========================================================================
Received Prepare
Registering precompiled user dll's ...
Registered in 0.001650 seconds.
Begin MonoManager ReloadAssembly
Native extension for WindowsStandalone target not found
Refreshing native plugins compatible for Editor in 0.41 ms, found 1 plugins.
Preloading 0 native plugins for Editor in 0.00 ms.
Invoked RoslynAnalysisRunner static constructor.
RoslynAnalysisRunner will not be running.
RoslynAnalysisRunner has terminated.
Mono: successfully reloaded assembly
- Completed reload, in  0.948 seconds
Platform modules already initialized, skipping
Refreshing native plugins compatible for Editor in 0.60 ms, found 1 plugins.
Preloading 0 native plugins for Editor in 0.00 ms.
Unloading 1790 Unused Serialized files (Serialized files now loaded: 0)
System memory in use before: 89.7 MB.
System memory in use after: 89.7 MB.

Unloading 12 unused Assets to reduce memory usage. Loaded Objects now: 2342.
Total: 2.324700 ms (FindLiveObjects: 0.232400 ms CreateObjectMapping: 0.046600 ms MarkObjects: 1.908600 ms  DeleteObjects: 0.135500 ms)

========================================================================
Received Prepare
Registering precompiled user dll's ...
Registered in 0.001527 seconds.
Begin MonoManager ReloadAssembly
Native extension for WindowsStandalone target not found
Refreshing native plugins compatible for Editor in 0.55 ms, found 1 plugins.
Preloading 0 native plugins for Editor in 0.00 ms.
Invoked RoslynAnalysisRunner static constructor.
RoslynAnalysisRunner will not be running.
RoslynAnalysisRunner has terminated.
Mono: successfully reloaded assembly
- Completed reload, in  1.013 seconds
Platform modules already initialized, skipping
Refreshing native plugins compatible for Editor in 0.61 ms, found 1 plugins.
Preloading 0 native plugins for Editor in 0.00 ms.
Unloading 1790 Unused Serialized files (Serialized files now loaded: 0)
System memory in use before: 88.8 MB.
System memory in use after: 88.8 MB.

Unloading 12 unused Assets to reduce memory usage. Loaded Objects now: 2345.
Total: 2.341600 ms (FindLiveObjects: 0.219600 ms CreateObjectMapping: 0.045100 ms MarkObjects: 1.848400 ms  DeleteObjects: 0.227300 ms)

========================================================================
Received Import Request.
  Time since last request: 265.864722 seconds.
  path: Assets/New Physics Material 2D.physicsMaterial2D
  artifactKey: Guid(5379bba316096704497c726ef2cc0409) Importer(815301076,1909f56bfc062723c751e8b465ee728b)
Start importing Assets/New Physics Material 2D.physicsMaterial2D using Guid(5379bba316096704497c726ef2cc0409) Importer(815301076,1909f56bfc062723c751e8b465ee728b)  -> (artifact id: 'f0a758e68e763dc206418a5274702bd8') in 0.012752 seconds
  Import took 0.016137 seconds .

========================================================================
Received Import Request.
  Time since last request: 0.005162 seconds.
  path: Assets/New Physics Material 2D.physicsMaterial2D
  artifactKey: Guid(5379bba316096704497c726ef2cc0409) Importer(815301076,1909f56bfc062723c751e8b465ee728b)
Start importing Assets/New Physics Material 2D.physicsMaterial2D using Guid(5379bba316096704497c726ef2cc0409) Importer(815301076,1909f56bfc062723c751e8b465ee728b)  -> (artifact id: 'f0a758e68e763dc206418a5274702bd8') in 0.003712 seconds
  Import took 0.007058 seconds .

========================================================================
Received Prepare
Registering precompiled user dll's ...
Registered in 0.001677 seconds.
Begin MonoManager ReloadAssembly
Native extension for WindowsStandalone target not found
Refreshing native plugins compatible for Editor in 0.40 ms, found 1 plugins.
Preloading 0 native plugins for Editor in 0.00 ms.
Invoked RoslynAnalysisRunner static constructor.
RoslynAnalysisRunner will not be running.
RoslynAnalysisRunner has terminated.
Mono: successfully reloaded assembly
- Completed reload, in  0.999 seconds
Platform modules already initialized, skipping
Refreshing native plugins compatible for Editor in 0.63 ms, found 1 plugins.
Preloading 0 native plugins for Editor in 0.00 ms.
Unloading 1790 Unused Serialized files (Serialized files now loaded: 0)
System memory in use before: 88.9 MB.
System memory in use after: 88.9 MB.

Unloading 12 unused Assets to reduce memory usage. Loaded Objects now: 2348.
Total: 3.401400 ms (FindLiveObjects: 0.301900 ms CreateObjectMapping: 0.058300 ms MarkObjects: 2.892600 ms  DeleteObjects: 0.146900 ms)

========================================================================
Received Import Request.
  Time since last request: 26.957646 seconds.
  path: Assets/Frictionless.physicsMaterial2D
  artifactKey: Guid(5379bba316096704497c726ef2cc0409) Importer(815301076,1909f56bfc062723c751e8b465ee728b)
Start importing Assets/Frictionless.physicsMaterial2D using Guid(5379bba316096704497c726ef2cc0409) Importer(815301076,1909f56bfc062723c751e8b465ee728b)  -> (artifact id: '28b6dfbad5e2f3e8d5fa27bfce02e483') in 0.014794 seconds
  Import took 0.018827 seconds .

========================================================================
Received Prepare
Registering precompiled user dll's ...
Registered in 0.001732 seconds.
Begin MonoManager ReloadAssembly
Native extension for WindowsStandalone target not found
Refreshing native plugins compatible for Editor in 0.43 ms, found 1 plugins.
Preloading 0 native plugins for Editor in 0.00 ms.
Invoked RoslynAnalysisRunner static constructor.
RoslynAnalysisRunner will not be running.
RoslynAnalysisRunner has terminated.
Mono: successfully reloaded assembly
- Completed reload, in  1.048 seconds
Platform modules already initialized, skipping
Refreshing native plugins compatible for Editor in 0.44 ms, found 1 plugins.
Preloading 0 native plugins for Editor in 0.00 ms.
Unloading 1790 Unused Serialized files (Serialized files now loaded: 0)
System memory in use before: 89.0 MB.
System memory in use after: 89.0 MB.

Unloading 12 unused Assets to reduce memory usage. Loaded Objects now: 2351.
Total: 2.419400 ms (FindLiveObjects: 0.277300 ms CreateObjectMapping: 0.048800 ms MarkObjects: 1.951600 ms  DeleteObjects: 0.140100 ms)

AssetImportWorkerClient::OnTransportError - code=2 error=End of file
